<?xml version="1.0" encoding="UTF-8"?>
<!-- Generated by org.testng.reporters.JUnitXMLReporter -->
<testsuite ignored="0" hostname="Anjali" failures="1" tests="2" name="Test" time="39.614" errors="0" timestamp="08 Feb 2023 23:31:19 GMT">
  <testcase classname="com.qa.tests.NotificationTest" name="clickNotificationLinkTest" time="7.925"/>
  <testcase classname="com.qa.tests.NotificationTest" name="verifyNotificationTextDispalyTest" time="7.8">
    <failure type="java.lang.AssertionError" message="expected [true] but found [false]">
      <![CDATA[java.lang.AssertionError: expected [true] but found [false]
at com.qa.tests.NotificationTest.verifyNotificationTextDispalyTest(NotificationTest.java:42)
... Removed 29 stack frames]]>
    </failure>
  </testcase> <!-- verifyNotificationTextDispalyTest -->
</testsuite> <!-- Test -->
